<?xml version="1.0" encoding="UTF-8"?>
<!-- Generated by org.testng.reporters.JUnitReportReporter -->
<testsuite skipped="0" hostname="ajitbiswas-laptop" name="scripts.SnapshotDemo" tests="1" failures="0" timestamp="25 Apr 2018 08:17:13 GMT" time="16.347" errors="0">
  <testcase name="takeSnapshot" time="16.347" classname="scripts.SnapshotDemo"/>
</testsuite> <!-- scripts.SnapshotDemo -->
